
. textfind post, key("ICT") but("district") nocase
 
Searching keyword "ICT" in variable post ...
Searching exclusion "district" in variable post ...


The following table displays the keyword(s) and exclusion(s) criteria used in
the search and returns six statistics for each variable specified:

Total finds:           the number of observations when criterion is met.
Average finds per obs: the average occurrence of word when criterion is met.
Average length:        the average word length when criterion is met.
Average position:      the average position of match when criterion is met.
Average tf-idf:        the average term frequency-inverse document frequency
                       when the criterion is met.
Means test p-value:    the p-value for a means comparison test across samples
                       identified by the different criteria.

                               Summary Table                               
--------------------------------------------------------------------------------
variable:   post
n: 524                                       Average                       Means
                    Total   -----------------------------------------       test
keyword(s)          Finds      Finds     Length   Position     TF-IDF    p-value
--------------------------------------------------------------------------------
ICT                    10          1        3.3        1.9    1.31964          .
--------------------------------------------------------------------------------
Total                   4          1          4          3    1.32037          0
--------------------------------------------------------------------------------
exclusion(s):
"district"

. textfind post, key("ICT")
 
Searching keyword "ICT" in variable post ...


The following table displays the keyword(s) and exclusion(s) criteria used in
the search and returns six statistics for each variable specified:

Total finds:           the number of observations when criterion is met.
Average finds per obs: the average occurrence of word when criterion is met.
Average length:        the average word length when criterion is met.
Average position:      the average position of match when criterion is met.
Average tf-idf:        the average term frequency-inverse document frequency
                       when the criterion is met.
Means test p-value:    the p-value for a means comparison test across samples
                       identified by the different criteria.

                               Summary Table                               
--------------------------------------------------------------------------------
variable:   post
n: 524                                       Average                       Means
                    Total   -----------------------------------------       test
keyword(s)          Finds      Finds     Length   Position     TF-IDF    p-value
--------------------------------------------------------------------------------
ICT                     4          1          4          3    1.32037          .
--------------------------------------------------------------------------------
Total                   4          1          4          3    1.32037          .
--------------------------------------------------------------------------------
exclusion(s):

